Arguments: 
  /usr/bin/node /usr/share/yarn/bin/yarn.js add jsonwebtoken

PATH: 
  /home/vanhung/bin:/usr/local/bin:/usr/local/sbin:/usr/local/bin:/usr/sbin:/usr/bin:/sbin:/bin:/usr/games:/usr/local/games:/snap/bin:/home/vanhung/Android/Sdk/emulator:/home/vanhung/Android/Sdk/tools:/home/vanhung/Android/Sdk/tools/bin:/home/vanhung/Android/Sdk/platform-tools:/home/vanhung/Android/Sdk/tools:/home/vanhung/Android/Sdk/tools/bin:/home/vanhung/Android/Sdk/platform-tools

Yarn version: 
  1.22.5

Node version: 
  10.19.0

Platform: 
  linux x64

Trace: 
  Error: EACCES: permission denied, mkdir '/home/vanhung/Desktop/doan/code/doanhung/api-server/node_modules/abbrev'

npm manifest: 
  {
    "name": "node-express-server-rest-api",
    "version": "1.0.0",
    "description": "",
    "main": "index.js",
    "scripts": {
      "start": "nodemon --exec babel-node src/index.js",
      "test": "echo \"No test specified\" && exit 0"
    },
    "keywords": [],
    "author": "",
    "license": "ISC",
    "devDependencies": {
      "@babel/core": "^7.9.0",
      "@babel/node": "^7.8.7",
      "@babel/preset-env": "^7.9.5",
      "nodemon": "^2.0.3"
    },
    "dependencies": {
      "axios": "^0.21.1",
      "cors": "^2.8.5",
      "date-fns": "^2.17.0",
      "dotenv": "^8.2.0",
      "express": "^4.17.1",
      "js-sha256": "^0.9.0",
      "mongoose": "^5.11.15",
      "uuid": "^7.0.3"
    },
    "proxy": "http://localhost:3080"
  }

yarn manifest: 
  No manifest

Lockfile: 
  No lockfile
